<?xml version="1.0" encoding="UTF-8"?>
<!-- Generated by org.testng.reporters.JUnitReportReporter -->
<testsuite hostname="Roopas-MacBook-Pro.local" failures="0" tests="1" name="com.appium.mobile.runner.CucumberTest" time="14.193" errors="0" timestamp="23 Aug 2021 10:16:45 GMT" skipped="0">
  <testcase classname="com.appium.mobile.runner.CucumberTest" name="login" time="14.193"/>
</testsuite> <!-- com.appium.mobile.runner.CucumberTest -->
